<?xml version="1.0" encoding="UTF-8"?>
<testng-results skipped="0" failed="0" ignored="0" total="3" passed="3">
  <reporter-output>
  </reporter-output>
  <suite name="Default suite" duration-ms="82945" started-at="2019-12-29T09:00:28 IST" finished-at="2019-12-29T09:01:51 IST">
    <groups>
      <group name="cucumber">
        <method signature="AbstractTestNGCucumberTests.runScenario(cucumber.api.testng.PickleEventWrapper, cucumber.api.testng.CucumberFeatureWrapper)[pri:0, instance:CreateLead.CreateLead@5f282abb]" name="runScenario" class="cucumber.api.testng.AbstractTestNGCucumberTests"/>
      </group> <!-- cucumber -->
    </groups>
    <test name="Default test" duration-ms="82945" started-at="2019-12-29T09:00:28 IST" finished-at="2019-12-29T09:01:51 IST">
      <class name="CreateLead.CreateLead">
        <test-method status="PASS" signature="setUpClass()[pri:0, instance:CreateLead.CreateLead@5f282abb]" name="setUpClass" is-config="true" duration-ms="100" started-at="2019-12-29T09:00:28 IST" finished-at="2019-12-29T09:00:28 IST">
          <reporter-output>
          </reporter-output>
        </test-method> <!-- setUpClass -->
        <test-method status="PASS" signature="runScenario(cucumber.api.testng.PickleEventWrapper, cucumber.api.testng.CucumberFeatureWrapper)[pri:0, instance:CreateLead.CreateLead@5f282abb]" name="runScenario" duration-ms="28739" started-at="2019-12-29T09:00:28 IST" description="Runs Cucumber Scenarios" data-provider="scenarios" finished-at="2019-12-29T09:00:57 IST">
          <params>
            <param index="0">
              <value>
                <![CDATA["TC001 positive flow for creationg a lead"]]>
              </value>
            </param>
            <param index="1">
              <value>
                <![CDATA["Create a lead in leaftaps application"]]>
              </value>
            </param>
          </params>
          <reporter-output>
          </reporter-output>
        </test-method> <!-- runScenario -->
        <test-method status="PASS" signature="runScenario(cucumber.api.testng.PickleEventWrapper, cucumber.api.testng.CucumberFeatureWrapper)[pri:0, instance:CreateLead.CreateLead@5f282abb]" name="runScenario" duration-ms="26646" started-at="2019-12-29T09:00:57 IST" description="Runs Cucumber Scenarios" data-provider="scenarios" finished-at="2019-12-29T09:01:24 IST">
          <params>
            <param index="0">
              <value>
                <![CDATA["TC001 positive flow for creationg a lead"]]>
              </value>
            </param>
            <param index="1">
              <value>
                <![CDATA["Create a lead in leaftaps application"]]>
              </value>
            </param>
          </params>
          <reporter-output>
          </reporter-output>
        </test-method> <!-- runScenario -->
        <test-method status="PASS" signature="runScenario(cucumber.api.testng.PickleEventWrapper, cucumber.api.testng.CucumberFeatureWrapper)[pri:0, instance:CreateLead.CreateLead@5f282abb]" name="runScenario" duration-ms="27381" started-at="2019-12-29T09:01:24 IST" description="Runs Cucumber Scenarios" data-provider="scenarios" finished-at="2019-12-29T09:01:51 IST">
          <params>
            <param index="0">
              <value>
                <![CDATA["TC001 positive flow for creationg a lead"]]>
              </value>
            </param>
            <param index="1">
              <value>
                <![CDATA["Create a lead in leaftaps application"]]>
              </value>
            </param>
          </params>
          <reporter-output>
          </reporter-output>
        </test-method> <!-- runScenario -->
        <test-method status="PASS" signature="tearDownClass()[pri:0, instance:CreateLead.CreateLead@5f282abb]" name="tearDownClass" is-config="true" duration-ms="5" started-at="2019-12-29T09:01:51 IST" finished-at="2019-12-29T09:01:51 IST">
          <reporter-output>
          </reporter-output>
        </test-method> <!-- tearDownClass -->
      </class> <!-- CreateLead.CreateLead -->
    </test> <!-- Default test -->
  </suite> <!-- Default suite -->
</testng-results>
